# JRE version: OpenJDK Runtime Environment (8.0_151-b12) (build 1.8.0_151-8u151-b12-0ubuntu0.17.10.2-b12)
# Java VM: OpenJDK 64-Bit Server VM (25.151-b12 mixed mode linux-amd64 compressed oops)
Heap:
 PSYoungGen      total 32768K, used 2048K [0x00000000ed380000, 0x00000000ef580000, 0x0000000100000000)
  eden space 30720K, 0% used [0x00000000ed380000,0x00000000ed380000,0x00000000ef180000)
  from space 2048K, 100% used [0x00000000ef180000,0x00000000ef380000,0x00000000ef380000)
  to   space 2048K, 0% used [0x00000000ef380000,0x00000000ef380000,0x00000000ef580000)
 ParOldGen       total 39936K, used 11949K [0x00000000c7a00000, 0x00000000ca100000, 0x00000000ed380000)
  object space 39936K, 29% used [0x00000000c7a00000,0x00000000c85ab4d0,0x00000000ca100000)
 Metaspace       used 15309K, capacity 15624K, committed 15744K, reserved 1062912K
  class space    used 1713K, capacity 1816K, committed 1920K, reserved 1048576K
GC Heap History (9 events):
Event: 0.638 GC heap before
{Heap before GC invocations=1 (full 0):
 PSYoungGen      total 17408K, used 15360K [0x00000000ed380000, 0x00000000ee680000, 0x0000000100000000)
  eden space 15360K, 100% used [0x00000000ed380000,0x00000000ee280000,0x00000000ee280000)
  from space 2048K, 0% used [0x00000000ee480000,0x00000000ee480000,0x00000000ee680000)
  to   space 2048K, 0% used [0x00000000ee280000,0x00000000ee280000,0x00000000ee480000)
 ParOldGen       total 39936K, used 0K [0x00000000c7a00000, 0x00000000ca100000, 0x00000000ed380000)
  object space 39936K, 0% used [0x00000000c7a00000,0x00000000c7a00000,0x00000000ca100000)
 Metaspace       used 5552K, capacity 5642K, committed 5760K, reserved 1056768K
  class space    used 580K, capacity 625K, committed 640K, reserved 1048576K
Event: 0.643 GC heap after
Heap after GC invocations=1 (full 0):
 PSYoungGen      total 17408K, used 2016K [0x00000000ed380000, 0x00000000ee680000, 0x0000000100000000)
  eden space 15360K, 0% used [0x00000000ed380000,0x00000000ed380000,0x00000000ee280000)
  from space 2048K, 98% used [0x00000000ee280000,0x00000000ee478040,0x00000000ee480000)
  to   space 2048K, 0% used [0x00000000ee480000,0x00000000ee480000,0x00000000ee680000)
 ParOldGen       total 39936K, used 1267K [0x00000000c7a00000, 0x00000000ca100000, 0x00000000ed380000)
  object space 39936K, 3% used [0x00000000c7a00000,0x00000000c7b3cd78,0x00000000ca100000)
 Metaspace       used 5552K, capacity 5642K, committed 5760K, reserved 1056768K
  class space    used 580K, capacity 625K, committed 640K, reserved 1048576K
}
Event: 1.086 GC heap before
{Heap before GC invocations=2 (full 0):
 PSYoungGen      total 17408K, used 17370K [0x00000000ed380000, 0x00000000ee680000, 0x0000000100000000)
  eden space 15360K, 99% used [0x00000000ed380000,0x00000000ee27e7c0,0x00000000ee280000)
  from space 2048K, 98% used [0x00000000ee280000,0x00000000ee478040,0x00000000ee480000)
  to   space 2048K, 0% used [0x00000000ee480000,0x00000000ee480000,0x00000000ee680000)
 ParOldGen       total 39936K, used 1267K [0x00000000c7a00000, 0x00000000ca100000, 0x00000000ed380000)
  object space 39936K, 3% used [0x00000000c7a00000,0x00000000c7b3cd78,0x00000000ca100000)
 Metaspace       used 8643K, capacity 8824K, committed 8960K, reserved 1056768K
  class space    used 898K, capacity 998K, committed 1024K, reserved 1048576K
Event: 1.092 GC heap after
Heap after GC invocations=2 (full 0):
 PSYoungGen      total 17408K, used 2019K [0x00000000ed380000, 0x00000000ef580000, 0x0000000100000000)
  eden space 15360K, 0% used [0x00000000ed380000,0x00000000ed380000,0x00000000ee280000)
  from space 2048K, 98% used [0x00000000ee480000,0x00000000ee678e00,0x00000000ee680000)
  to   space 2048K, 0% used [0x00000000ee280000,0x00000000ee280000,0x00000000ee480000)
 ParOldGen       total 39936K, used 4192K [0x00000000c7a00000, 0x00000000ca100000, 0x00000000ed380000)
  object space 39936K, 10% used [0x00000000c7a00000,0x00000000c7e18298,0x00000000ca100000)
 Metaspace       used 8643K, capacity 8824K, committed 8960K, reserved 1056768K
  class space    used 898K, capacity 998K, committed 1024K, reserved 1048576K
}
Event: 1.430 GC heap before
{Heap before GC invocations=3 (full 0):
 PSYoungGen      total 17408K, used 17379K [0x00000000ed380000, 0x00000000ef580000, 0x0000000100000000)
  eden space 15360K, 100% used [0x00000000ed380000,0x00000000ee280000,0x00000000ee280000)
  from space 2048K, 98% used [0x00000000ee480000,0x00000000ee678e00,0x00000000ee680000)
  to   space 2048K, 0% used [0x00000000ee280000,0x00000000ee280000,0x00000000ee480000)
 ParOldGen       total 39936K, used 4192K [0x00000000c7a00000, 0x00000000ca100000, 0x00000000ed380000)
  object space 39936K, 10% used [0x00000000c7a00000,0x00000000c7e18298,0x00000000ca100000)
 Metaspace       used 10815K, capacity 11010K, committed 11264K, reserved 1058816K
  class space    used 1185K, capacity 1239K, committed 1280K, reserved 1048576K
Event: 1.436 GC heap after
Heap after GC invocations=3 (full 0):
 PSYoungGen      total 17408K, used 2019K [0x00000000ed380000, 0x00000000ef580000, 0x0000000100000000)
  eden space 15360K, 0% used [0x00000000ed380000,0x00000000ed380000,0x00000000ee280000)
  from space 2048K, 98% used [0x00000000ee280000,0x00000000ee478e00,0x00000000ee480000)
  to   space 2048K, 0% used [0x00000000ef380000,0x00000000ef380000,0x00000000ef580000)
 ParOldGen       total 39936K, used 5613K [0x00000000c7a00000, 0x00000000ca100000, 0x00000000ed380000)
  object space 39936K, 14% used [0x00000000c7a00000,0x00000000c7f7b570,0x00000000ca100000)
 Metaspace       used 10815K, capacity 11010K, committed 11264K, reserved 1058816K
  class space    used 1185K, capacity 1239K, committed 1280K, reserved 1048576K
}
Event: 1.689 GC heap before
{Heap before GC invocations=4 (full 0):
 PSYoungGen      total 17408K, used 17379K [0x00000000ed380000, 0x00000000ef580000, 0x0000000100000000)
  eden space 15360K, 100% used [0x00000000ed380000,0x00000000ee280000,0x00000000ee280000)
  from space 2048K, 98% used [0x00000000ee280000,0x00000000ee478e00,0x00000000ee480000)
  to   space 2048K, 0% used [0x00000000ef380000,0x00000000ef380000,0x00000000ef580000)
 ParOldGen       total 39936K, used 5613K [0x00000000c7a00000, 0x00000000ca100000, 0x00000000ed380000)
  object space 39936K, 14% used [0x00000000c7a00000,0x00000000c7f7b570,0x00000000ca100000)
 Metaspace       used 13432K, capacity 13666K, committed 13952K, reserved 1060864K
  class space    used 1526K, capacity 1591K, committed 1664K, reserved 1048576K
Event: 1.695 GC heap after
Heap after GC invocations=4 (full 0):
 PSYoungGen      total 32768K, used 2048K [0x00000000ed380000, 0x00000000ef580000, 0x0000000100000000)
  eden space 30720K, 0% used [0x00000000ed380000,0x00000000ed380000,0x00000000ef180000)
  from space 2048K, 100% used [0x00000000ef380000,0x00000000ef580000,0x00000000ef580000)
  to   space 2048K, 0% used [0x00000000ef180000,0x00000000ef180000,0x00000000ef380000)
 ParOldGen       total 39936K, used 6255K [0x00000000c7a00000, 0x00000000ca100000, 0x00000000ed380000)
  object space 39936K, 15% used [0x00000000c7a00000,0x00000000c801bd80,0x00000000ca100000)
 Metaspace       used 13432K, capacity 13666K, committed 13952K, reserved 1060864K
  class space    used 1526K, capacity 1591K, committed 1664K, reserved 1048576K
}
Event: 2.550 GC heap before
{Heap before GC invocations=5 (full 0):
 PSYoungGen      total 32768K, used 32768K [0x00000000ed380000, 0x00000000ef580000, 0x0000000100000000)
  eden space 30720K, 100% used [0x00000000ed380000,0x00000000ef180000,0x00000000ef180000)
  from space 2048K, 100% used [0x00000000ef380000,0x00000000ef580000,0x00000000ef580000)
  to   space 2048K, 0% used [0x00000000ef180000,0x00000000ef180000,0x00000000ef380000)
 ParOldGen       total 39936K, used 6255K [0x00000000c7a00000, 0x00000000ca100000, 0x00000000ed380000)
  object space 39936K, 15% used [0x00000000c7a00000,0x00000000c801bd80,0x00000000ca100000)
 Metaspace       used 15309K, capacity 15624K, committed 15744K, reserved 1062912K
  class space    used 1713K, capacity 1816K, committed 1920K, reserved 1048576K

